<!DOCTYPE html PUBLIC "-//W3C//DTD XHTML 1.1//EN" "http://www.w3.org/TR/xhtml11/DTD/xhtml11.dtd">
<html xmlns="http://www.w3.org/1999/xhtml">
<head>
<meta http-equiv="content-type" content="text/html; charset=UTF-8"/>
<title>TestNG Report</title>
<style type="text/css">table {margin-bottom:10px;border-collapse:collapse;empty-cells:show}th,td {border:1px solid #009;padding:.25em .5em}th {vertical-align:bottom}td {vertical-align:top}table a {font-weight:bold}.stripe td {background-color: #E6EBF9}.num {text-align:right}.passedodd td {background-color: #3F3}.passedeven td {background-color: #0A0}.skippedodd td {background-color: #DDD}.skippedeven td {background-color: #CCC}.failedodd td,.attn {background-color: #F33}.failedeven td,.stripe .attn {background-color: #D00}.stacktrace {white-space:pre;font-family:monospace}.totop {font-size:85%;text-align:center;border-bottom:2px solid #000}.invisible {display:none}</style>
</head>
<body>
<table>
<tr><th>Test</th><th># Passed</th><th># Skipped</th><th># Retried</th><th># Failed</th><th>Time (ms)</th><th>Included Groups</th><th>Excluded Groups</th></tr>
<tr><th colspan="8">InetBankingV1</th></tr>
<tr><td><a href="#t0">BankingAppTest</a></td><td class="num">2</td><td class="num attn">1</td><td class="num">0</td><td class="num">0</td><td class="num">159,084</td><td></td><td></td></tr>
</table>
<table id='summary'><thead><tr><th>Class</th><th>Method</th><th>Start</th><th>Time (ms)</th></tr></thead><tbody><tr><th colspan="4">InetBankingV1</th></tr></tbody><tbody id="t0"><tr><th colspan="4">BankingAppTest &#8212; failed (configuration methods)</th></tr><tr class="failedeven"><td rowspan="1">com.iNetBanking.TestCases.TC_LoginTest_001</td><td><a href="#m0">setUp</a></td><td rowspan="1">1612019287513</td><td rowspan="1">23045</td></tr><tr><th colspan="4">BankingAppTest &#8212; skipped (configuration methods)</th></tr><tr class="skippedeven"><td rowspan="1">com.iNetBanking.TestCases.TC_LoginTest_001</td><td><a href="#m1">tearDown</a></td><td rowspan="1">1612019310673</td><td rowspan="1">-1612019310673</td></tr><tr><th colspan="4">BankingAppTest &#8212; skipped</th></tr><tr class="skippedeven"><td rowspan="1">com.iNetBanking.TestCases.TC_LoginTest_001</td><td><a href="#m2">loginTest</a></td><td rowspan="1">1612019310598</td><td rowspan="1">0</td></tr><tr><th colspan="4">BankingAppTest &#8212; passed</th></tr><tr class="passedeven"><td rowspan="2">com.iNetBanking.TestCases.TC_AddCustomerTest_002</td><td><a href="#m3">addCustomerTest</a></td><td rowspan="2">1612019383410</td><td rowspan="2">30098</td></tr><tr class="passedeven"><td><a href="#m4">addCustomerTest</a></td></tr></tbody>
</table>
<h2>BankingAppTest</h2><h3 id="m0">com.iNetBanking.TestCases.TC_LoginTest_001#setUp</h3><table class="result"><tr class="param"><th>Parameter #1</th></tr><tr class="param stripe"><td>CHROME</td></tr><tr><th>Exception</th></tr><tr><td><div class="stacktrace">org.openqa.selenium.WebDriverException: Timed out waiting for driver server to start.
Build info: version: &apos;3.141.59&apos;, revision: &apos;e82be7d358&apos;, time: &apos;2018-11-14T08:17:03&apos;
System info: host: &apos;DESKTOP-86N1T3I&apos;, ip: &apos;172.28.176.1&apos;, os.name: &apos;Windows 10&apos;, os.arch: &apos;amd64&apos;, os.version: &apos;10.0&apos;, java.version: &apos;1.8.0_172&apos;
Driver info: driver.version: ChromeDriver
	at org.openqa.selenium.remote.service.DriverService.waitUntilAvailable(DriverService.java:202)
	at org.openqa.selenium.remote.service.DriverService.start(DriverService.java:188)
	at org.openqa.selenium.remote.service.DriverCommandExecutor.execute(DriverCommandExecutor.java:79)
	at org.openqa.selenium.remote.RemoteWebDriver.execute(RemoteWebDriver.java:552)
	at org.openqa.selenium.remote.RemoteWebDriver.startSession(RemoteWebDriver.java:213)
	at org.openqa.selenium.remote.RemoteWebDriver.&lt;init&gt;(RemoteWebDriver.java:131)
	at org.openqa.selenium.chrome.ChromeDriver.&lt;init&gt;(ChromeDriver.java:181)
	at org.openqa.selenium.chrome.ChromeDriver.&lt;init&gt;(ChromeDriver.java:168)
	at org.openqa.selenium.chrome.ChromeDriver.&lt;init&gt;(ChromeDriver.java:123)
	at com.iNetBanking.TestCases.BaseClass.setUp(BaseClass.java:41)
	at java.util.ArrayList.forEach(ArrayList.java:1257)
Caused by: org.openqa.selenium.net.UrlChecker$TimeoutException: Timed out waiting for [http://localhost:30177/status] to be available after 20004 ms
	at org.openqa.selenium.net.UrlChecker.waitUntilAvailable(UrlChecker.java:100)
	at org.openqa.selenium.remote.service.DriverService.waitUntilAvailable(DriverService.java:197)
	... 39 more
Caused by: java.util.concurrent.TimeoutException
	at java.util.concurrent.FutureTask.get(FutureTask.java:205)
	at com.google.common.util.concurrent.SimpleTimeLimiter.callWithTimeout(SimpleTimeLimiter.java:156)
	at org.openqa.selenium.net.UrlChecker.waitUntilAvailable(UrlChecker.java:75)
	... 40 more
... Removed 29 stack frames</div></td></tr></table><p class="totop"><a href="#summary">back to summary</a></p>
<h3 id="m1">com.iNetBanking.TestCases.TC_LoginTest_001#tearDown</h3><table class="result"><tr><th class="invisible"/></tr></table><p class="totop"><a href="#summary">back to summary</a></p>
<h3 id="m2">com.iNetBanking.TestCases.TC_LoginTest_001#loginTest</h3><table class="result"><tr><th>Exception</th></tr><tr><td><div class="stacktrace">org.openqa.selenium.WebDriverException: Timed out waiting for driver server to start.
Build info: version: &apos;3.141.59&apos;, revision: &apos;e82be7d358&apos;, time: &apos;2018-11-14T08:17:03&apos;
System info: host: &apos;DESKTOP-86N1T3I&apos;, ip: &apos;172.28.176.1&apos;, os.name: &apos;Windows 10&apos;, os.arch: &apos;amd64&apos;, os.version: &apos;10.0&apos;, java.version: &apos;1.8.0_172&apos;
Driver info: driver.version: ChromeDriver
	at org.openqa.selenium.remote.service.DriverService.waitUntilAvailable(DriverService.java:202)
	at org.openqa.selenium.remote.service.DriverService.start(DriverService.java:188)
	at org.openqa.selenium.remote.service.DriverCommandExecutor.execute(DriverCommandExecutor.java:79)
	at org.openqa.selenium.remote.RemoteWebDriver.execute(RemoteWebDriver.java:552)
	at org.openqa.selenium.remote.RemoteWebDriver.startSession(RemoteWebDriver.java:213)
	at org.openqa.selenium.remote.RemoteWebDriver.&lt;init&gt;(RemoteWebDriver.java:131)
	at org.openqa.selenium.chrome.ChromeDriver.&lt;init&gt;(ChromeDriver.java:181)
	at org.openqa.selenium.chrome.ChromeDriver.&lt;init&gt;(ChromeDriver.java:168)
	at org.openqa.selenium.chrome.ChromeDriver.&lt;init&gt;(ChromeDriver.java:123)
	at com.iNetBanking.TestCases.BaseClass.setUp(BaseClass.java:41)
	at java.util.ArrayList.forEach(ArrayList.java:1257)
Caused by: org.openqa.selenium.net.UrlChecker$TimeoutException: Timed out waiting for [http://localhost:30177/status] to be available after 20004 ms
	at org.openqa.selenium.net.UrlChecker.waitUntilAvailable(UrlChecker.java:100)
	at org.openqa.selenium.remote.service.DriverService.waitUntilAvailable(DriverService.java:197)
	... 39 more
Caused by: java.util.concurrent.TimeoutException
	at java.util.concurrent.FutureTask.get(FutureTask.java:205)
	at com.google.common.util.concurrent.SimpleTimeLimiter.callWithTimeout(SimpleTimeLimiter.java:156)
	at org.openqa.selenium.net.UrlChecker.waitUntilAvailable(UrlChecker.java:75)
	... 40 more
... Removed 29 stack frames</div></td></tr></table><p class="totop"><a href="#summary">back to summary</a></p>
<h3 id="m3">com.iNetBanking.TestCases.TC_AddCustomerTest_002#addCustomerTest</h3><table class="result"><tr class="param"><th>Parameter #1</th><th>Parameter #2</th><th>Parameter #3</th><th>Parameter #4</th><th>Parameter #5</th><th>Parameter #6</th><th>Parameter #7</th><th>Parameter #8</th><th>Parameter #9</th></tr><tr class="param stripe"><td>Test test</td><td>Male</td><td>34612</td><td>Testing</td><td>test</td><td>test</td><td>452123</td><td>8964452134</td><td>abcd1423</td></tr></table><p class="totop"><a href="#summary">back to summary</a></p>
<h3 id="m4">com.iNetBanking.TestCases.TC_AddCustomerTest_002#addCustomerTest</h3><table class="result"><tr class="param"><th>Parameter #1</th><th>Parameter #2</th><th>Parameter #3</th><th>Parameter #4</th><th>Parameter #5</th><th>Parameter #6</th><th>Parameter #7</th><th>Parameter #8</th><th>Parameter #9</th></tr><tr class="param stripe"><td>New Test</td><td>Female</td><td>35988</td><td>Test Address</td><td>New York</td><td>Arizona</td><td>654189</td><td>9145687452</td><td>bhne5478</td></tr></table><p class="totop"><a href="#summary">back to summary</a></p>
</body>
</html>
